<?xml version="1.0" encoding="UTF-8"?>
<!-- Generated by org.testng.reporters.JUnitXMLReporter -->
<testsuite hostname="DESKTOP-6OH6MVQ" ignored="2" name="Test" tests="33" failures="3" timestamp="20 Sep 2022 16:50:58 GMT" time="32.806" errors="0">
  <testcase name="@AfterMethod logout" time="7.457" classname="TestNG.BeforeAfterNG">
    <failure type="org.openqa.selenium.NoSuchElementException" message="Cannot locate an element using css selector=.userName
For documentation on this error, please visit: https://www.seleniumhq.org/exceptions/no_such_element.html
Build info: version: &amp;apos;3.141.59&amp;apos;, revision: &amp;apos;e82be7d358&amp;apos;, time: &amp;apos;2018-11-14T08:17:03&amp;apos;
System info: host: &amp;apos;DESKTOP-6OH6MVQ&amp;apos;, ip: &amp;apos;192.168.0.101&amp;apos;, os.name: &amp;apos;Windows 10&amp;apos;, os.arch: &amp;apos;amd64&amp;apos;, os.version: &amp;apos;10.0&amp;apos;, java.version: &amp;apos;1.8.0_301&amp;apos;
Driver info: driver.version: RemoteWebDriver">
      <![CDATA[org.openqa.selenium.NoSuchElementException: Cannot locate an element using css selector=.userName
For documentation on this error, please visit: https://www.seleniumhq.org/exceptions/no_such_element.html
Build info: version: '3.141.59', revision: 'e82be7d358', time: '2018-11-14T08:17:03'
System info: host: 'DESKTOP-6OH6MVQ', ip: '192.168.0.101', os.name: 'Windows 10', os.arch: 'amd64', os.version: '10.0', java.version: '1.8.0_301'
Driver info: driver.version: RemoteWebDriver
at org.openqa.selenium.remote.RemoteWebDriver.findElement(RemoteWebDriver.java:327)
at org.openqa.selenium.remote.RemoteWebDriver.findElementByCssSelector(RemoteWebDriver.java:420)
at org.openqa.selenium.By$ByCssSelector.findElement(By.java:431)
at org.openqa.selenium.remote.RemoteWebDriver.findElement(RemoteWebDriver.java:315)
at TestNG.BeforeAfterNG.logout(BeforeAfterNG.java:48)
... Removed 28 stack frames]]>
    </failure>
  </testcase> <!-- @AfterMethod logout -->
  <testcase name="@BeforeMethod login" time="0.0" classname="TestNG.BeforeAfterNG">
    <skipped/>
  </testcase> <!-- @BeforeMethod login -->
  <testcase name="@AfterMethod logout" time="0.0" classname="TestNG.BeforeAfterNG">
    <skipped/>
  </testcase> <!-- @AfterMethod logout -->
  <testcase name="@AfterTest cleanUp" time="0.0" classname="TestNG.BeforeAfterNG">
    <skipped/>
  </testcase> <!-- @AfterTest cleanUp -->
  <testcase name="@AfterTest lata" time="0.0" classname="TestNG.Test4">
    <skipped/>
  </testcase> <!-- @AfterTest lata -->
  <testcase name="f" time="0.006" classname="TestNG.Testng1"/>
  <testcase name="pata" time="0.0" classname="TestNG.Test4"/>
  <testcase name="invoke" time="0.0" classname="TestNG.Invocation"/>
  <testcase name="invoke" time="0.015" classname="TestNG.Invocation"/>
  <testcase name="invoke" time="0.016" classname="TestNG.Invocation"/>
  <testcase name="invoke" time="0.0" classname="TestNG.Invocation"/>
  <testcase name="invoke" time="0.0" classname="TestNG.Invocation"/>
  <testcase name="testReportsPage" time="10.079" classname="TestNG.BeforeAfterNG">
    <failure type="org.openqa.selenium.NoSuchElementException" message="no such element: Unable to locate element: {&amp;quot;method&amp;quot;:&amp;quot;css selector&amp;quot;,&amp;quot;selector&amp;quot;:&amp;quot;.navbar-nav&amp;gt;*:nth-child(3)&amp;gt;div&amp;gt;a&amp;quot;}
  (Session info: chrome=105.0.5195.127)
For documentation on this error, please visit: https://www.seleniumhq.org/exceptions/no_such_element.html
Build info: version: &amp;apos;3.141.59&amp;apos;, revision: &amp;apos;e82be7d358&amp;apos;, time: &amp;apos;2018-11-14T08:17:03&amp;apos;
System info: host: &amp;apos;DESKTOP-6OH6MVQ&amp;apos;, ip: &amp;apos;192.168.0.101&amp;apos;, os.name: &amp;apos;Windows 10&amp;apos;, os.arch: &amp;apos;amd64&amp;apos;, os.version: &amp;apos;10.0&amp;apos;, java.version: &amp;apos;1.8.0_301&amp;apos;
Driver info: org.openqa.selenium.chrome.ChromeDriver
Capabilities {acceptInsecureCerts: false, browserName: chrome, browserVersion: 105.0.5195.127, chrome: {chromedriverVersion: 104.0.5112.79 (3cf3e8c8a07d..., userDataDir: C:\Users\DIGVIJ~1\AppData\L...}, goog:chromeOptions: {debuggerAddress: localhost:50229}, javascriptEnabled: true, networkConnectionEnabled: false, pageLoadStrategy: normal, platform: WINDOWS, platformName: WINDOWS, proxy: Proxy(), setWindowRect: true, strictFileInteractability: false, timeouts: {implicit: 0, pageLoad: 300000, script: 30000}, unhandledPromptBehavior: dismiss and notify, webauthn:extension:credBlob: true, webauthn:extension:largeBlob: true, webauthn:virtualAuthenticators: true}
Session ID: 7e3e30c5a459387295d475db3281be16
*** Element info: {Using=css selector, value=.navbar-nav&amp;gt;*:nth-child(3)&amp;gt;div&amp;gt;a}">
      <![CDATA[org.openqa.selenium.NoSuchElementException: no such element: Unable to locate element: {"method":"css selector","selector":".navbar-nav>*:nth-child(3)>div>a"}
  (Session info: chrome=105.0.5195.127)
For documentation on this error, please visit: https://www.seleniumhq.org/exceptions/no_such_element.html
Build info: version: '3.141.59', revision: 'e82be7d358', time: '2018-11-14T08:17:03'
System info: host: 'DESKTOP-6OH6MVQ', ip: '192.168.0.101', os.name: 'Windows 10', os.arch: 'amd64', os.version: '10.0', java.version: '1.8.0_301'
Driver info: org.openqa.selenium.chrome.ChromeDriver
Capabilities {acceptInsecureCerts: false, browserName: chrome, browserVersion: 105.0.5195.127, chrome: {chromedriverVersion: 104.0.5112.79 (3cf3e8c8a07d..., userDataDir: C:\Users\DIGVIJ~1\AppData\L...}, goog:chromeOptions: {debuggerAddress: localhost:50229}, javascriptEnabled: true, networkConnectionEnabled: false, pageLoadStrategy: normal, platform: WINDOWS, platformName: WINDOWS, proxy: Proxy(), setWindowRect: true, strictFileInteractability: false, timeouts: {implicit: 0, pageLoad: 300000, script: 30000}, unhandledPromptBehavior: dismiss and notify, webauthn:extension:credBlob: true, webauthn:extension:largeBlob: true, webauthn:virtualAuthenticators: true}
Session ID: 7e3e30c5a459387295d475db3281be16
*** Element info: {Using=css selector, value=.navbar-nav>*:nth-child(3)>div>a}
at org.openqa.selenium.remote.http.W3CHttpResponseCodec.createException(W3CHttpResponseCodec.java:187)
at org.openqa.selenium.remote.http.W3CHttpResponseCodec.decode(W3CHttpResponseCodec.java:122)
at org.openqa.selenium.remote.http.W3CHttpResponseCodec.decode(W3CHttpResponseCodec.java:49)
at org.openqa.selenium.remote.HttpCommandExecutor.execute(HttpCommandExecutor.java:158)
at org.openqa.selenium.remote.service.DriverCommandExecutor.execute(DriverCommandExecutor.java:83)
at org.openqa.selenium.remote.RemoteWebDriver.execute(RemoteWebDriver.java:552)
at org.openqa.selenium.remote.RemoteWebDriver.findElement(RemoteWebDriver.java:323)
at org.openqa.selenium.remote.RemoteWebDriver.findElementByCssSelector(RemoteWebDriver.java:420)
at org.openqa.selenium.By$ByCssSelector.findElement(By.java:431)
at org.openqa.selenium.remote.RemoteWebDriver.findElement(RemoteWebDriver.java:315)
at TestNG.BeforeAfterNG.testReportsPage(BeforeAfterNG.java:40)
... Removed 29 stack frames]]>
    </failure>
  </testcase> <!-- testReportsPage -->
  <testcase name="testVtiger" time="0.0" classname="TestNG.BeforeAfterNG">
    <skipped/>
  </testcase> <!-- testVtiger -->
  <testcase name="f" time="0.008" classname="day2.AmzTest"/>
  <testcase name="testCase02" time="0.006" classname="TestNG.Test3"/>
  <testcase name="testCase03" time="0.002" classname="TestNG.Test3"/>
  <testcase name="testCase04" time="0.004" classname="TestNG.Test3"/>
  <testcase name="testCase05" time="0.002" classname="TestNG.Test3"/>
  <testcase name="testCase06" time="0.015" classname="TestNG.Test3"/>
  <testcase name="testCase07" time="0.003" classname="TestNG.Test3"/>
  <testcase name="testCase08" time="0.002" classname="TestNG.Test3"/>
  <testcase name="testCase09" time="0.002" classname="TestNG.Test3"/>
  <testcase name="testCase1" time="0.003" classname="TestNG.Test3"/>
  <testcase name="testCase10" time="0.002" classname="TestNG.Test3"/>
  <testcase name="testCase11" time="0.008" classname="TestNG.Test3"/>
  <testcase name="testCase12" time="0.003" classname="TestNG.Test3"/>
  <testcase name="testCase2" time="0.007" classname="TestNG.Test3"/>
  <testcase name="add" time="0.01" classname="TestNG.TestNG2"/>
  <testcase name="exception" time="0.012" classname="TestNG.ArithmeticException">
    <failure type="org.testng.TestException" message="
Expected exception of type class TestNG.ArithmeticException but got java.lang.ArithmeticException: / by zero">
      <![CDATA[org.testng.TestException: 
Expected exception of type class TestNG.ArithmeticException but got java.lang.ArithmeticException: / by zero
Caused by: java.lang.ArithmeticException: / by zero
at TestNG.ArithmeticException.exception(ArithmeticException.java:13)
... 19 more
... Removed 28 stack frames]]>
    </failure>
  </testcase> <!-- exception -->
  <testcase name="timeout" time="0.559" classname="TestNG.ArithmeticException"/>
  <testcase name="add" time="0.0" classname="TestNG.Test5"/>
  <testcase name="openBrowser" time="0.187" classname="TestNG.Test5"/>
  <testcase name="testCase1" time="7.185" classname="TestNG.WebScriptErail">
    <failure type="org.openqa.selenium.WebDriverException" message="chrome not reachable
  (Session info: chrome=105.0.5195.127)
Build info: version: &amp;apos;3.141.59&amp;apos;, revision: &amp;apos;e82be7d358&amp;apos;, time: &amp;apos;2018-11-14T08:17:03&amp;apos;
System info: host: &amp;apos;DESKTOP-6OH6MVQ&amp;apos;, ip: &amp;apos;192.168.0.101&amp;apos;, os.name: &amp;apos;Windows 10&amp;apos;, os.arch: &amp;apos;amd64&amp;apos;, os.version: &amp;apos;10.0&amp;apos;, java.version: &amp;apos;1.8.0_301&amp;apos;
Driver info: org.openqa.selenium.chrome.ChromeDriver
Capabilities {acceptInsecureCerts: false, browserName: chrome, browserVersion: 105.0.5195.127, chrome: {chromedriverVersion: 104.0.5112.79 (3cf3e8c8a07d..., userDataDir: C:\Users\DIGVIJ~1\AppData\L...}, goog:chromeOptions: {debuggerAddress: localhost:50257}, javascriptEnabled: true, networkConnectionEnabled: false, pageLoadStrategy: normal, platform: WINDOWS, platformName: WINDOWS, proxy: Proxy(), setWindowRect: true, strictFileInteractability: false, timeouts: {implicit: 0, pageLoad: 300000, script: 30000}, unhandledPromptBehavior: dismiss and notify, webauthn:extension:credBlob: true, webauthn:extension:largeBlob: true, webauthn:virtualAuthenticators: true}
Session ID: f3d350f84d3a010042eefbe4b2b2be14">
      <![CDATA[org.openqa.selenium.WebDriverException: chrome not reachable
  (Session info: chrome=105.0.5195.127)
Build info: version: '3.141.59', revision: 'e82be7d358', time: '2018-11-14T08:17:03'
System info: host: 'DESKTOP-6OH6MVQ', ip: '192.168.0.101', os.name: 'Windows 10', os.arch: 'amd64', os.version: '10.0', java.version: '1.8.0_301'
Driver info: org.openqa.selenium.chrome.ChromeDriver
Capabilities {acceptInsecureCerts: false, browserName: chrome, browserVersion: 105.0.5195.127, chrome: {chromedriverVersion: 104.0.5112.79 (3cf3e8c8a07d..., userDataDir: C:\Users\DIGVIJ~1\AppData\L...}, goog:chromeOptions: {debuggerAddress: localhost:50257}, javascriptEnabled: true, networkConnectionEnabled: false, pageLoadStrategy: normal, platform: WINDOWS, platformName: WINDOWS, proxy: Proxy(), setWindowRect: true, strictFileInteractability: false, timeouts: {implicit: 0, pageLoad: 300000, script: 30000}, unhandledPromptBehavior: dismiss and notify, webauthn:extension:credBlob: true, webauthn:extension:largeBlob: true, webauthn:virtualAuthenticators: true}
Session ID: f3d350f84d3a010042eefbe4b2b2be14
at org.openqa.selenium.remote.http.W3CHttpResponseCodec.createException(W3CHttpResponseCodec.java:187)
at org.openqa.selenium.remote.http.W3CHttpResponseCodec.decode(W3CHttpResponseCodec.java:122)
at org.openqa.selenium.remote.http.W3CHttpResponseCodec.decode(W3CHttpResponseCodec.java:49)
at org.openqa.selenium.remote.HttpCommandExecutor.execute(HttpCommandExecutor.java:158)
at org.openqa.selenium.remote.service.DriverCommandExecutor.execute(DriverCommandExecutor.java:83)
at org.openqa.selenium.remote.RemoteWebDriver.execute(RemoteWebDriver.java:552)
at org.openqa.selenium.remote.RemoteWebDriver.execute(RemoteWebDriver.java:609)
at org.openqa.selenium.remote.RemoteWebDriver.getTitle(RemoteWebDriver.java:281)
at TestNG.WebScriptErail.testCase1(WebScriptErail.java:19)
... Removed 29 stack frames]]>
    </failure>
  </testcase> <!-- testCase1 -->
  <testcase name="test1" time="0.003" classname="TestNG.Priority"/>
  <testcase name="test2" time="0.002" classname="TestNG.Priority"/>
  <testcase name="testa" time="0.002" classname="TestNG.Priority"/>
  <testcase name="testz" time="0.002" classname="TestNG.Priority"/>
  <testcase name="test3" time="0.0" classname="TestNG.Priority">
    <ignored/>
  </testcase> <!-- test3 -->
  <testcase name="invoke1" time="0.0" classname="TestNG.Invocation">
    <ignored/>
  </testcase> <!-- invoke1 -->
</testsuite> <!-- Test -->
