<?xml version="1.0" encoding="UTF-8"?>
<!-- Generated by org.testng.reporters.JUnitReportReporter -->
<testsuite skipped="2" hostname="DESKTOP-6OH6MVQ" name="TestNG.BeforeAfterNG" tests="3" failures="0" timestamp="01 Oct 2022 08:24:20 GMT" time="2.696" errors="1">
  <testcase name="testVtiger" time="0.000" classname="TestNG.BeforeAfterNG">
    <skipped/>
  </testcase> <!-- testVtiger -->
  <testcase name="testReportsPage" time="0.000" classname="TestNG.BeforeAfterNG">
    <skipped/>
  </testcase> <!-- testReportsPage -->
  <testcase name="startUp" time="2.696" classname="TestNG.BeforeAfterNG">
    <error type="org.openqa.selenium.SessionNotCreatedException" message="session not created: This version of ChromeDriver only supports Chrome version 104
Current browser version is 106.0.5249.91 with binary path C:\Program Files (x86)\Google\Chrome\Application\chrome.exe
Build info: version: &#039;3.141.59&#039;, revision: &#039;e82be7d358&#039;, time: &#039;2018-11-14T08:17:03&#039;
System info: host: &#039;DESKTOP-6OH6MVQ&#039;, ip: &#039;192.168.0.101&#039;, os.name: &#039;Windows 10&#039;, os.arch: &#039;amd64&#039;, os.version: &#039;10.0&#039;, java.version: &#039;1.8.0_301&#039;
Driver info: driver.version: ChromeDriver
remote stacktrace: Backtrace:
	Ordinal0 [0x009478B3+2193587]
	Ordinal0 [0x008E0681+1771137]
	Ordinal0 [0x007F41A8+803240]
	Ordinal0 [0x00815CC3+941251]
	Ordinal0 [0x008113EF+922607]
	Ordinal0 [0x0080EBC1+912321]
	Ordinal0 [0x008423B0+1123248]
	Ordinal0 [0x0084200A+1122314]
	Ordinal0 [0x0083D5C6+1103302]
	Ordinal0 [0x008177E0+948192]
	Ordinal0 [0x008186E6+952038]
	GetHandleVerifier [0x00BF0CB2+2738370]
	GetHandleVerifier [0x00BE21B8+2678216]
	GetHandleVerifier [0x009D17AA+512954]
	GetHandleVerifier [0x009D0856+509030]
	Ordinal0 [0x008E743B+1799227]
	Ordinal0 [0x008EBB68+1817448]
	Ordinal0 [0x008EBC55+1817685]
	Ordinal0 [0x008F5230+1856048]
	BaseThreadInitThunk [0x762CFA29+25]
	RtlGetAppContainerNamedObjectPath [0x77097B5E+286]
	RtlGetAppContainerNamedObjectPath [0x77097B2E+238]
">
      <![CDATA[org.openqa.selenium.SessionNotCreatedException: session not created: This version of ChromeDriver only supports Chrome version 104
Current browser version is 106.0.5249.91 with binary path C:\Program Files (x86)\Google\Chrome\Application\chrome.exe
Build info: version: '3.141.59', revision: 'e82be7d358', time: '2018-11-14T08:17:03'
System info: host: 'DESKTOP-6OH6MVQ', ip: '192.168.0.101', os.name: 'Windows 10', os.arch: 'amd64', os.version: '10.0', java.version: '1.8.0_301'
Driver info: driver.version: ChromeDriver
remote stacktrace: Backtrace:
Ordinal0 [0x009478B3+2193587]
Ordinal0 [0x008E0681+1771137]
Ordinal0 [0x007F41A8+803240]
Ordinal0 [0x00815CC3+941251]
Ordinal0 [0x008113EF+922607]
Ordinal0 [0x0080EBC1+912321]
Ordinal0 [0x008423B0+1123248]
Ordinal0 [0x0084200A+1122314]
Ordinal0 [0x0083D5C6+1103302]
Ordinal0 [0x008177E0+948192]
Ordinal0 [0x008186E6+952038]
GetHandleVerifier [0x00BF0CB2+2738370]
GetHandleVerifier [0x00BE21B8+2678216]
GetHandleVerifier [0x009D17AA+512954]
GetHandleVerifier [0x009D0856+509030]
Ordinal0 [0x008E743B+1799227]
Ordinal0 [0x008EBB68+1817448]
Ordinal0 [0x008EBC55+1817685]
Ordinal0 [0x008F5230+1856048]
BaseThreadInitThunk [0x762CFA29+25]
RtlGetAppContainerNamedObjectPath [0x77097B5E+286]
RtlGetAppContainerNamedObjectPath [0x77097B2E+238]

at sun.reflect.NativeConstructorAccessorImpl.newInstance0(Native Method)
at sun.reflect.NativeConstructorAccessorImpl.newInstance(Unknown Source)
at sun.reflect.DelegatingConstructorAccessorImpl.newInstance(Unknown Source)
at java.lang.reflect.Constructor.newInstance(Unknown Source)
at org.openqa.selenium.remote.W3CHandshakeResponse.lambda$errorHandler$0(W3CHandshakeResponse.java:62)
at org.openqa.selenium.remote.HandshakeResponse.lambda$getResponseFunction$0(HandshakeResponse.java:30)
at org.openqa.selenium.remote.ProtocolHandshake.lambda$createSession$0(ProtocolHandshake.java:126)
at java.util.stream.ReferencePipeline$3$1.accept(Unknown Source)
at java.util.Spliterators$ArraySpliterator.tryAdvance(Unknown Source)
at java.util.stream.ReferencePipeline.forEachWithCancel(Unknown Source)
at java.util.stream.AbstractPipeline.copyIntoWithCancel(Unknown Source)
at java.util.stream.AbstractPipeline.copyInto(Unknown Source)
at java.util.stream.AbstractPipeline.wrapAndCopyInto(Unknown Source)
at java.util.stream.FindOps$FindOp.evaluateSequential(Unknown Source)
at java.util.stream.AbstractPipeline.evaluate(Unknown Source)
at java.util.stream.ReferencePipeline.findFirst(Unknown Source)
at org.openqa.selenium.remote.ProtocolHandshake.createSession(ProtocolHandshake.java:128)
at org.openqa.selenium.remote.ProtocolHandshake.createSession(ProtocolHandshake.java:74)
at org.openqa.selenium.remote.HttpCommandExecutor.execute(HttpCommandExecutor.java:136)
at org.openqa.selenium.remote.service.DriverCommandExecutor.execute(DriverCommandExecutor.java:83)
at org.openqa.selenium.remote.RemoteWebDriver.execute(RemoteWebDriver.java:552)
at org.openqa.selenium.remote.RemoteWebDriver.startSession(RemoteWebDriver.java:213)
at org.openqa.selenium.remote.RemoteWebDriver.<init>(RemoteWebDriver.java:131)
at org.openqa.selenium.chrome.ChromeDriver.<init>(ChromeDriver.java:181)
at org.openqa.selenium.chrome.ChromeDriver.<init>(ChromeDriver.java:168)
at org.openqa.selenium.chrome.ChromeDriver.<init>(ChromeDriver.java:123)
at utilities.SeleniumUtility.setUp(SeleniumUtility.java:43)
at TestNG.BeforeAfterNG.startUp(BeforeAfterNG.java:21)
at sun.reflect.NativeMethodAccessorImpl.invoke0(Native Method)
at sun.reflect.NativeMethodAccessorImpl.invoke(Unknown Source)
at sun.reflect.DelegatingMethodAccessorImpl.invoke(Unknown Source)
at java.lang.reflect.Method.invoke(Unknown Source)
at org.testng.internal.MethodInvocationHelper.invokeMethod(MethodInvocationHelper.java:124)
at org.testng.internal.MethodInvocationHelper.invokeMethodConsideringTimeout(MethodInvocationHelper.java:59)
at org.testng.internal.Invoker.invokeConfigurationMethod(Invoker.java:458)
at org.testng.internal.Invoker.invokeConfigurations(Invoker.java:222)
at org.testng.internal.Invoker.invokeConfigurations(Invoker.java:142)
at org.testng.TestRunner.beforeRun(TestRunner.java:529)
at org.testng.TestRunner.run(TestRunner.java:497)
at org.testng.SuiteRunner.runTest(SuiteRunner.java:455)
at org.testng.SuiteRunner.runSequentially(SuiteRunner.java:450)
at org.testng.SuiteRunner.privateRun(SuiteRunner.java:415)
at org.testng.SuiteRunner.run(SuiteRunner.java:364)
at org.testng.SuiteRunnerWorker.runSuite(SuiteRunnerWorker.java:52)
at org.testng.SuiteRunnerWorker.run(SuiteRunnerWorker.java:84)
at org.testng.TestNG.runSuitesSequentially(TestNG.java:1208)
at org.testng.TestNG.runSuitesLocally(TestNG.java:1137)
at org.testng.TestNG.runSuites(TestNG.java:1049)
at org.testng.TestNG.run(TestNG.java:1017)
at org.testng.remote.AbstractRemoteTestNG.run(AbstractRemoteTestNG.java:115)
at org.testng.remote.RemoteTestNG.initAndRun(RemoteTestNG.java:251)
at org.testng.remote.RemoteTestNG.main(RemoteTestNG.java:77)
]]>
    </error>
  </testcase> <!-- startUp -->
</testsuite> <!-- TestNG.BeforeAfterNG -->
